Using pre-set license
Built from '2020.3/staging' branch; Version is '2020.3.48f1 (b805b124c6b7) revision 12060081'; Using compiler version '192528614'; Build Type 'Release'
OS: 'Windows 11  (10.0.22631) 64bit Core' Language: 'en' Physical Memory: 32507 MB
BatchMode: 1, IsHumanControllingUs: 0, StartBugReporterOnCrash: 0, Is64bit: 1, IsPro: 0

COMMAND LINE ARGUMENTS:
C:\Program Files\Unity\Hub\Editor\2020.3.48f1\Editor\Unity.exe
-adb2
-batchMode
-noUpm
-name
AssetImportWorker0
-projectPath
C:/Users/sauer/Desktop/Baxter VR
-logFile
Logs/AssetImportWorker0.log
-srvPort
51015
Successfully changed project path to: C:/Users/sauer/Desktop/Baxter VR
C:/Users/sauer/Desktop/Baxter VR
Using Asset Import Pipeline V2.
Player connection [46308] Host "[IP] 172.16.86.15 [Port] 1073959136 [Flags] 2 [Guid] 1213250382 [EditorId] 1213250382 [Version] 1048832 [Id] WindowsEditor(7,DESKTOP-U0OFK1R) [Debug] 1 [PackageName] WindowsEditor [ProjectName] Editor" joined multi-casting on [225.0.0.222:54997]...

Player connection [46308] Host "[IP] 172.16.86.15 [Port] 1073959136 [Flags] 2 [Guid] 1213250382 [EditorId] 1213250382 [Version] 1048832 [Id] WindowsEditor(7,DESKTOP-U0OFK1R) [Debug] 1 [PackageName] WindowsEditor [ProjectName] Editor" joined alternative multi-casting on [225.0.0.222:34997]...

Refreshing native plugins compatible for Editor in 67.35 ms, found 8 plugins.
Preloading 2 native plugins for Editor in 1.93 ms.
Initialize engine version: 2020.3.48f1 (b805b124c6b7)
[Subsystems] Discovering subsystems at path C:/Program Files/Unity/Hub/Editor/2020.3.48f1/Editor/Data/Resources/UnitySubsystems
[Subsystems] Discovering subsystems at path C:/Users/sauer/Desktop/Baxter VR/Assets
GfxDevice: creating device client; threaded=0
Direct3D:
    Version:  Direct3D 11.0 [level 11.1]
    Renderer: NVIDIA GeForce RTX 4080 Laptop GPU (ID=0x27e0)
    Vendor:   
    VRAM:     11995 MB
    Driver:   32.0.15.9159
Shader 'Oculus/OVRMRCameraFrameLit': fallback shader 'Alpha-Diffuse' not found
Initialize mono
Mono path[0] = 'C:/Program Files/Unity/Hub/Editor/2020.3.48f1/Editor/Data/Managed'
Mono path[1] = 'C:/Program Files/Unity/Hub/Editor/2020.3.48f1/Editor/Data/MonoBleedingEdge/lib/mono/unityjit'
Mono config path = 'C:/Program Files/Unity/Hub/Editor/2020.3.48f1/Editor/Data/MonoBleedingEdge/etc'
Using monoOptions --debugger-agent=transport=dt_socket,embedding=1,server=y,suspend=n,address=127.0.0.1:56140
Begin MonoManager ReloadAssembly
Registering precompiled unity dll's ...
Register platform support module: C:/Program Files/Unity/Hub/Editor/2020.3.48f1/Editor/Data/PlaybackEngines/WindowsStandaloneSupport/UnityEditor.WindowsStandalone.Extensions.dll
Registered in 0.000779 seconds.
Native extension for WindowsStandalone target not found
Refreshing native plugins compatible for Editor in 49.39 ms, found 8 plugins.
Preloading 2 native plugins for Editor in 0.12 ms.
Mono: successfully reloaded assembly
- Completed reload, in  0.356 seconds
Domain Reload Profiling:
	ReloadAssembly (356ms)
		BeginReloadAssembly (39ms)
			ExecutionOrderSort (0ms)
			DisableScriptedObjects (0ms)
			BackupInstance (0ms)
			ReleaseScriptingObjects (0ms)
			CreateAndSetChildDomain (1ms)
		EndReloadAssembly (277ms)
			LoadAssemblies (37ms)
			RebuildTransferFunctionScriptingTraits (0ms)
			SetupTypeCache (84ms)
			ReleaseScriptCaches (0ms)
			RebuildScriptCaches (15ms)
			SetupLoadedEditorAssemblies (122ms)
				LogAssemblyErrors (0ms)
				InitializePlatformSupportModulesInManaged (3ms)
				SetLoadedEditorAssemblies (0ms)
				RefreshPlugins (50ms)
				BeforeProcessingInitializeOnLoad (9ms)
				ProcessInitializeOnLoadAttributes (44ms)
				ProcessInitializeOnLoadMethodAttributes (16ms)
				AfterProcessingInitializeOnLoad (0ms)
				EditorAssembliesLoaded (0ms)
			ExecutionOrderSort2 (0ms)
			AwakeInstancesAfterBackupRestoration (0ms)
Platform modules already initialized, skipping
Registering precompiled user dll's ...
Registered in 0.002634 seconds.
Begin MonoManager ReloadAssembly
Native extension for WindowsStandalone target not found
Refreshing native plugins compatible for Editor in 0.83 ms, found 8 plugins.
Preloading 2 native plugins for Editor in 0.09 ms.
[XR] OculusXRPlugin: registering subsystems
[XR] Unable to register display lifecyle provider: [1]
[XR] Oculus Input lifecycle provider registered.
[XR] Unable to register input lifecyle provider: [1]
[XR] OVRP version 1.89.1
Mono: successfully reloaded assembly
- Completed reload, in  0.766 seconds
Domain Reload Profiling:
	ReloadAssembly (766ms)
		BeginReloadAssembly (78ms)
			ExecutionOrderSort (0ms)
			DisableScriptedObjects (3ms)
			BackupInstance (0ms)
			ReleaseScriptingObjects (0ms)
			CreateAndSetChildDomain (11ms)
		EndReloadAssembly (650ms)
			LoadAssemblies (63ms)
			RebuildTransferFunctionScriptingTraits (0ms)
			SetupTypeCache (187ms)
			ReleaseScriptCaches (0ms)
			RebuildScriptCaches (43ms)
			SetupLoadedEditorAssemblies (316ms)
				LogAssemblyErrors (0ms)
				InitializePlatformSupportModulesInManaged (3ms)
				SetLoadedEditorAssemblies (0ms)
				RefreshPlugins (1ms)
				BeforeProcessingInitializeOnLoad (62ms)
				ProcessInitializeOnLoadAttributes (240ms)
				ProcessInitializeOnLoadMethodAttributes (8ms)
				AfterProcessingInitializeOnLoad (2ms)
				EditorAssembliesLoaded (0ms)
			ExecutionOrderSort2 (0ms)
			AwakeInstancesAfterBackupRestoration (1ms)
Platform modules already initialized, skipping
========================================================================
Worker process is ready to serve import requests
Shader 'Oculus/OVRMRCameraFrameLit': fallback shader 'Alpha-Diffuse' not found
Launched and connected shader compiler UnityShaderCompiler.exe after 0.03 seconds
Refreshing native plugins compatible for Editor in 0.86 ms, found 8 plugins.
Preloading 2 native plugins for Editor in 0.08 ms.
Unloading 3643 Unused Serialized files (Serialized files now loaded: 0)
System memory in use before: 156.0 MB.
System memory in use after: 156.1 MB.

Unloading 49 unused Assets to reduce memory usage. Loaded Objects now: 4056.
Total: 2.735700 ms (FindLiveObjects: 0.138500 ms CreateObjectMapping: 0.047500 ms MarkObjects: 2.455900 ms  DeleteObjects: 0.093000 ms)

AssetImportParameters requested are different than current active one (requested -> active):
  custom:framework-win-MediaFoundation: 216162199b28c13a410421893ffa2e32 -> 
  custom:video-decoder-ogg-theora: a1e56fd34408186e4bbccfd4996cb3dc -> 
  custom:container-muxer-webm: aa71ff27fc2769a1b78a27578f13a17b -> 
  custom:container-demuxer-webm: 4f35f7cbe854078d1ac9338744f61a02 -> 
  custom:container-demuxer-ogg: 62fdf1f143b41e24485cea50d1cbac27 -> 
  custom:video-encoder-webm-vp8: eb34c28f22e8b96e1ab97ce403110664 -> 
  custom:video-codec-MediaFoundation-h265: 746d11721c4dcdbdad8f713fa42b33f4 -> 
  custom:video-decoder-webm-vp8: 9c59270c3fd7afecdb556c50c9e8de78 -> 
  custom:audio-decoder-ogg-vorbis: bf7c407c2cedff20999df2af8eb42d56 -> 
  custom:audio-encoder-webm-vorbis: bf7c407c2cedff20999df2af8eb42d56 -> 
========================================================================
Received Import Request.
  path: Assets/Oculus/Interaction/Samples/Sounds/DropObject01.wav
  artifactKey: Guid(80fbb8c0c68727f429e4d50ddadd683b) Importer(815301076,1909f56bfc062723c751e8b465ee728b)
Start importing Assets/Oculus/Interaction/Samples/Sounds/DropObject01.wav using Guid(80fbb8c0c68727f429e4d50ddadd683b) Importer(815301076,1909f56bfc062723c751e8b465ee728b)  -> (artifact id: '79a2b77147a157804d29ada2c9e24bee') in 0.073304 seconds 
========================================================================
Received Import Request.
  Time since last request: 0.000266 seconds.
  path: Assets/Oculus/Interaction/Samples/Audio/Content/Interaction_BasicPoke_ToyButton_Release_03.wav
  artifactKey: Guid(ef4f51c9b55aa174e96e815bd0e7cbda) Importer(815301076,1909f56bfc062723c751e8b465ee728b)
Start importing Assets/Oculus/Interaction/Samples/Audio/Content/Interaction_BasicPoke_ToyButton_Release_03.wav using Guid(ef4f51c9b55aa174e96e815bd0e7cbda) Importer(815301076,1909f56bfc062723c751e8b465ee728b)  -> (artifact id: 'a2f95b66d61fd26cdbf3fa47623e0499') in 0.012217 seconds 
========================================================================
Received Import Request.
  Time since last request: 0.000323 seconds.
  path: Assets/Oculus/SampleFramework/Core/HandsInteraction/Audio/ButtonDown.wav
  artifactKey: Guid(98e759dfda69aa7468d95f5a2c88e366) Importer(815301076,1909f56bfc062723c751e8b465ee728b)
Start importing Assets/Oculus/SampleFramework/Core/HandsInteraction/Audio/ButtonDown.wav using Guid(98e759dfda69aa7468d95f5a2c88e366) Importer(815301076,1909f56bfc062723c751e8b465ee728b)  -> (artifact id: '232bbb034705d6a4802996ec4a3b0906') in 0.018761 seconds 
========================================================================
Received Import Request.
  Time since last request: 0.000147 seconds.
  path: Assets/Oculus/Interaction/Samples/Audio/Content/Interaction_BasicGrab_Grab_04.wav
  artifactKey: Guid(1bd60f4e4774c97469bd13aad8a14735) Importer(815301076,1909f56bfc062723c751e8b465ee728b)
Start importing Assets/Oculus/Interaction/Samples/Audio/Content/Interaction_BasicGrab_Grab_04.wav using Guid(1bd60f4e4774c97469bd13aad8a14735) Importer(815301076,1909f56bfc062723c751e8b465ee728b)  -> (artifact id: '6d93d40f931cd1190da8b95340daacf8') in 0.012893 seconds 
========================================================================
Received Import Request.
  Time since last request: 0.000146 seconds.
  path: Assets/Oculus/Interaction/Samples/Audio/Content/Interaction_Object_Impact_05.wav
  artifactKey: Guid(07b5938cd1fd49c4999aa1b2b6b398eb) Importer(815301076,1909f56bfc062723c751e8b465ee728b)
Start importing Assets/Oculus/Interaction/Samples/Audio/Content/Interaction_Object_Impact_05.wav using Guid(07b5938cd1fd49c4999aa1b2b6b398eb) Importer(815301076,1909f56bfc062723c751e8b465ee728b)  -> (artifact id: '39088dc483976ec05639ee5f126fad10') in 0.011841 seconds 
========================================================================
Received Import Request.
  Time since last request: 0.000177 seconds.
  path: Assets/Oculus/Interaction/Samples/Audio/Content/Interaction_Locomotion_Enter.wav
  artifactKey: Guid(4f4594d3823cc9e4ea68ebb1e27310da) Importer(815301076,1909f56bfc062723c751e8b465ee728b)
Start importing Assets/Oculus/Interaction/Samples/Audio/Content/Interaction_Locomotion_Enter.wav using Guid(4f4594d3823cc9e4ea68ebb1e27310da) Importer(815301076,1909f56bfc062723c751e8b465ee728b)  -> (artifact id: '80af916b552ca471c393c5bb30a602eb') in 0.018943 seconds 
========================================================================
Received Import Request.
  Time since last request: 0.000281 seconds.
  path: Assets/Oculus/Interaction/Samples/Audio/Content/Interaction_BasicPoke_ToyButton_Release_02.wav
  artifactKey: Guid(9c588f7a6c8d16142bd78690b1f36fd5) Importer(815301076,1909f56bfc062723c751e8b465ee728b)
Start importing Assets/Oculus/Interaction/Samples/Audio/Content/Interaction_BasicPoke_ToyButton_Release_02.wav using Guid(9c588f7a6c8d16142bd78690b1f36fd5) Importer(815301076,1909f56bfc062723c751e8b465ee728b)  -> (artifact id: 'b294b0705d8ba24b8de82f29294d7a2b') in 0.012796 seconds 
========================================================================
Received Import Request.
  Time since last request: 0.000118 seconds.
  path: Assets/Oculus/Interaction/Samples/Audio/Content/Interaction_BasicPoke_Keypad_09.wav
  artifactKey: Guid(b38b26d07f7435f43a1179467c7deacc) Importer(815301076,1909f56bfc062723c751e8b465ee728b)
Start importing Assets/Oculus/Interaction/Samples/Audio/Content/Interaction_BasicPoke_Keypad_09.wav using Guid(b38b26d07f7435f43a1179467c7deacc) Importer(815301076,1909f56bfc062723c751e8b465ee728b)  -> (artifact id: 'a03707de62336fc9ccdb4ac5c02085f3') in 0.016221 seconds 
========================================================================
Received Import Request.
  Time since last request: 0.000223 seconds.
  path: Assets/Oculus/Interaction/Samples/Audio/Content/Interaction_Locomotion_Declined.wav
  artifactKey: Guid(7a92e082862bf6249b332887bfa5a92a) Importer(815301076,1909f56bfc062723c751e8b465ee728b)
Start importing Assets/Oculus/Interaction/Samples/Audio/Content/Interaction_Locomotion_Declined.wav using Guid(7a92e082862bf6249b332887bfa5a92a) Importer(815301076,1909f56bfc062723c751e8b465ee728b)  -> (artifact id: '70d1f579836857ea0903401034bfe958') in 0.020968 seconds 
========================================================================
Received Import Request.
  Time since last request: 0.000167 seconds.
  path: Assets/Oculus/Interaction/Samples/Sounds/GrabObject01.wav
  artifactKey: Guid(452cab5cd4cc31a4bbda065fe1729e0d) Importer(815301076,1909f56bfc062723c751e8b465ee728b)
Start importing Assets/Oculus/Interaction/Samples/Sounds/GrabObject01.wav using Guid(452cab5cd4cc31a4bbda065fe1729e0d) Importer(815301076,1909f56bfc062723c751e8b465ee728b)  -> (artifact id: '74103ee0581bed0b45f3beeaf9f1a7ad') in 0.018693 seconds 
========================================================================
Received Import Request.
  Time since last request: 0.000205 seconds.
  path: Assets/Oculus/Interaction/Samples/Audio/Content/Interaction_Object_Impact_01.wav
  artifactKey: Guid(f9d3d78b93262df46b15e931d171f693) Importer(815301076,1909f56bfc062723c751e8b465ee728b)
Start importing Assets/Oculus/Interaction/Samples/Audio/Content/Interaction_Object_Impact_01.wav using Guid(f9d3d78b93262df46b15e931d171f693) Importer(815301076,1909f56bfc062723c751e8b465ee728b)  -> (artifact id: '9d52c11c9f2ed320e07d59176ee3539f') in 0.011919 seconds 
========================================================================
Received Import Request.
  Time since last request: 0.000211 seconds.
  path: Assets/Oculus/Interaction/Samples/Audio/Content/Interaction_BasicPoke_ToyButton_Press_02.wav
  artifactKey: Guid(2ed5105a8954bb84186243c8ac778daf) Importer(815301076,1909f56bfc062723c751e8b465ee728b)
Start importing Assets/Oculus/Interaction/Samples/Audio/Content/Interaction_BasicPoke_ToyButton_Press_02.wav using Guid(2ed5105a8954bb84186243c8ac778daf) Importer(815301076,1909f56bfc062723c751e8b465ee728b)  -> (artifact id: '07bb877d3669cfc5ed0e7a01e53ef655') in 0.011721 seconds 
========================================================================
Received Import Request.
  Time since last request: 0.000128 seconds.
  path: Assets/Oculus/Spatializer/scenes/sounds/car.ogg
  artifactKey: Guid(354c37cd61ec24bbcbbc7921d0a71bc1) Importer(815301076,1909f56bfc062723c751e8b465ee728b)
Start importing Assets/Oculus/Spatializer/scenes/sounds/car.ogg using Guid(354c37cd61ec24bbcbbc7921d0a71bc1) Importer(815301076,1909f56bfc062723c751e8b465ee728b)  -> (artifact id: '2077cab59295ec270e6b38cea6cd6fc0') in 0.023445 seconds 
========================================================================
Received Import Request.
  Time since last request: 0.000152 seconds.
  path: Assets/Oculus/Interaction/Samples/Audio/Content/Interaction_BasicPoke_Keypad_04.wav
  artifactKey: Guid(b8f580cf675c83e4086b7b858613cb22) Importer(815301076,1909f56bfc062723c751e8b465ee728b)
Start importing Assets/Oculus/Interaction/Samples/Audio/Content/Interaction_BasicPoke_Keypad_04.wav using Guid(b8f580cf675c83e4086b7b858613cb22) Importer(815301076,1909f56bfc062723c751e8b465ee728b)  -> (artifact id: '1312067fc7d547e203f8a85fc0b8b61c') in 0.012638 seconds 
========================================================================
Received Import Request.
  Time since last request: 0.000265 seconds.
  path: Assets/Oculus/Interaction/Samples/Audio/Content/Interaction_Object_Impact_06.wav
  artifactKey: Guid(08910b7f127a61644811e5cda32f09a1) Importer(815301076,1909f56bfc062723c751e8b465ee728b)
Start importing Assets/Oculus/Interaction/Samples/Audio/Content/Interaction_Object_Impact_06.wav using Guid(08910b7f127a61644811e5cda32f09a1) Importer(815301076,1909f56bfc062723c751e8b465ee728b)  -> (artifact id: 'f1412aa90906bac094e6225d216b9129') in 0.012461 seconds 
========================================================================
Received Import Request.
  Time since last request: 0.000208 seconds.
  path: Assets/Oculus/Interaction/Samples/Audio/Content/Interaction_ComplexGrab_BoxClose_03.wav
  artifactKey: Guid(1d7fb3c7a39fe574798cf3697c8204fc) Importer(815301076,1909f56bfc062723c751e8b465ee728b)
Start importing Assets/Oculus/Interaction/Samples/Audio/Content/Interaction_ComplexGrab_BoxClose_03.wav using Guid(1d7fb3c7a39fe574798cf3697c8204fc) Importer(815301076,1909f56bfc062723c751e8b465ee728b)  -> (artifact id: '12e0709710b011e39258ca67cd1793d5') in 0.013385 seconds 
========================================================================
Received Import Request.
  Time since last request: 0.000123 seconds.
  path: Assets/Oculus/Spatializer/scenes/sounds/hammer.wav
  artifactKey: Guid(3a4baf251c1814716b9458d036384a76) Importer(815301076,1909f56bfc062723c751e8b465ee728b)
Start importing Assets/Oculus/Spatializer/scenes/sounds/hammer.wav using Guid(3a4baf251c1814716b9458d036384a76) Importer(815301076,1909f56bfc062723c751e8b465ee728b)  -> (artifact id: '4811d0620241fdad685643470bbc1ef3') in 0.021384 seconds 
========================================================================
Received Import Request.
  Time since last request: 0.000201 seconds.
  path: Assets/Oculus/Interaction/Samples/Audio/Content/Interaction_BasicPoke_Keypad_05.wav
  artifactKey: Guid(061eee0218cd9a5448e78cfe72eaebfc) Importer(815301076,1909f56bfc062723c751e8b465ee728b)
Start importing Assets/Oculus/Interaction/Samples/Audio/Content/Interaction_BasicPoke_Keypad_05.wav using Guid(061eee0218cd9a5448e78cfe72eaebfc) Importer(815301076,1909f56bfc062723c751e8b465ee728b)  -> (artifact id: '5d686816135ba3db71bf440c84ca13c4') in 0.012944 seconds 
========================================================================
Received Import Request.
  Time since last request: 0.000158 seconds.
  path: Assets/Sounds/Baxter/BaxterBarking.wav
  artifactKey: Guid(e8f387ae4c76b6e4a9f6cb83c320d6a0) Importer(815301076,1909f56bfc062723c751e8b465ee728b)
Start importing Assets/Sounds/Baxter/BaxterBarking.wav using Guid(e8f387ae4c76b6e4a9f6cb83c320d6a0) Importer(815301076,1909f56bfc062723c751e8b465ee728b)  -> (artifact id: 'f439e6bc6852215a234de24ec8943b8e') in 0.013572 seconds 
========================================================================
Received Import Request.
  Time since last request: 0.000132 seconds.
  path: Assets/Oculus/Interaction/Samples/Audio/Content/Interaction_BasicGrab_Grab_01.wav
  artifactKey: Guid(ba24ea69ea5a83349b560a6d0abcef47) Importer(815301076,1909f56bfc062723c751e8b465ee728b)
Start importing Assets/Oculus/Interaction/Samples/Audio/Content/Interaction_BasicGrab_Grab_01.wav using Guid(ba24ea69ea5a83349b560a6d0abcef47) Importer(815301076,1909f56bfc062723c751e8b465ee728b)  -> (artifact id: 'f046023e6af11ae22764d292def7bab2') in 0.012391 seconds 
========================================================================
Received Import Request.
  Time since last request: 0.000132 seconds.
  path: Assets/Oculus/SampleFramework/Usage/SceneManager/Audio/bubble.wav
  artifactKey: Guid(9a752d3328516a44384df0f171c8a5ca) Importer(815301076,1909f56bfc062723c751e8b465ee728b)
Start importing Assets/Oculus/SampleFramework/Usage/SceneManager/Audio/bubble.wav using Guid(9a752d3328516a44384df0f171c8a5ca) Importer(815301076,1909f56bfc062723c751e8b465ee728b)  -> (artifact id: '2e247714857d9609d4e5f65c1090e8a4') in 0.013078 seconds 
========================================================================
Received Import Request.
  Time since last request: 0.000120 seconds.
  path: Assets/Oculus/SampleFramework/Usage/SceneManager/Audio/bounce.wav
  artifactKey: Guid(229f46af248b4c74facf863a061f856b) Importer(815301076,1909f56bfc062723c751e8b465ee728b)
Start importing Assets/Oculus/SampleFramework/Usage/SceneManager/Audio/bounce.wav using Guid(229f46af248b4c74facf863a061f856b) Importer(815301076,1909f56bfc062723c751e8b465ee728b)  -> (artifact id: '05b0e25228962701d87857f69f0c6529') in 0.013535 seconds 
========================================================================
Received Import Request.
  Time since last request: 0.000271 seconds.
  path: Assets/Oculus/Interaction/Samples/Audio/Content/Interaction_DistanceGrab_Pull.wav
  artifactKey: Guid(fbedf1b2a14410642b76da03d6d664f7) Importer(815301076,1909f56bfc062723c751e8b465ee728b)
Start importing Assets/Oculus/Interaction/Samples/Audio/Content/Interaction_DistanceGrab_Pull.wav using Guid(fbedf1b2a14410642b76da03d6d664f7) Importer(815301076,1909f56bfc062723c751e8b465ee728b)  -> (artifact id: 'dcda71b91b271611ca1eaa2c39775f56') in 0.012097 seconds 
========================================================================
Received Import Request.
  Time since last request: 0.000119 seconds.
  path: Assets/Oculus/Interaction/Samples/Audio/Content/Interaction_Locomotion_Exit.wav
  artifactKey: Guid(4a0124413f6c41543a1bdffc9f0fe78c) Importer(815301076,1909f56bfc062723c751e8b465ee728b)
Start importing Assets/Oculus/Interaction/Samples/Audio/Content/Interaction_Locomotion_Exit.wav using Guid(4a0124413f6c41543a1bdffc9f0fe78c) Importer(815301076,1909f56bfc062723c751e8b465ee728b)  -> (artifact id: 'fac7c38166ad57e340924c6e63187d3b') in 0.019820 seconds 
========================================================================
Received Import Request.
  Time since last request: 0.000127 seconds.
  path: Assets/Oculus/Interaction/Samples/Audio/Content/Interaction_BasicGrab_Release_01.wav
  artifactKey: Guid(01ee74389d1a6844c9250d4230e734d3) Importer(815301076,1909f56bfc062723c751e8b465ee728b)
Start importing Assets/Oculus/Interaction/Samples/Audio/Content/Interaction_BasicGrab_Release_01.wav using Guid(01ee74389d1a6844c9250d4230e734d3) Importer(815301076,1909f56bfc062723c751e8b465ee728b)  -> (artifact id: '6f164a130a3f8e4cd5efa47ad8579458') in 0.012480 seconds 
========================================================================
Received Import Request.
  Time since last request: 0.000187 seconds.
  path: Assets/Oculus/Interaction/Samples/Audio/Content/Interaction_BasicGrab_Release_04.wav
  artifactKey: Guid(72e37686c6837804ab84e2f347c8e3ee) Importer(815301076,1909f56bfc062723c751e8b465ee728b)
Start importing Assets/Oculus/Interaction/Samples/Audio/Content/Interaction_BasicGrab_Release_04.wav using Guid(72e37686c6837804ab84e2f347c8e3ee) Importer(815301076,1909f56bfc062723c751e8b465ee728b)  -> (artifact id: '057411f32ae2b60edb47a5c5ac1577e4') in 0.012665 seconds 
========================================================================
Received Import Request.
  Time since last request: 0.000121 seconds.
  path: Assets/Oculus/Interaction/Samples/Audio/Content/Interaction_BasicGrab_Release_02.wav
  artifactKey: Guid(c778383a4f7517444bceb89ec51cc4c9) Importer(815301076,1909f56bfc062723c751e8b465ee728b)
Start importing Assets/Oculus/Interaction/Samples/Audio/Content/Interaction_BasicGrab_Release_02.wav using Guid(c778383a4f7517444bceb89ec51cc4c9) Importer(815301076,1909f56bfc062723c751e8b465ee728b)  -> (artifact id: '0f1a3f7f64347147639d60eefd083ee6') in 0.013198 seconds 
========================================================================
Received Import Request.
  Time since last request: 0.000150 seconds.
  path: Assets/Oculus/Interaction/Samples/Audio/Content/Interaction_BasicPoke_ButtonRelease.wav
  artifactKey: Guid(aebed88a33938c74f80e53b1386c2034) Importer(815301076,1909f56bfc062723c751e8b465ee728b)
Start importing Assets/Oculus/Interaction/Samples/Audio/Content/Interaction_BasicPoke_ButtonRelease.wav using Guid(aebed88a33938c74f80e53b1386c2034) Importer(815301076,1909f56bfc062723c751e8b465ee728b)  -> (artifact id: '933672d636a0aca9f4753d993c3e6e93') in 0.015350 seconds 
========================================================================
Received Import Request.
  Time since last request: 0.000132 seconds.
  path: Assets/Oculus/Interaction/Samples/Audio/Content/Interaction_BasicRay_Back.wav
  artifactKey: Guid(4393389c4e9969940bfda2dc7f786204) Importer(815301076,1909f56bfc062723c751e8b465ee728b)
Start importing Assets/Oculus/Interaction/Samples/Audio/Content/Interaction_BasicRay_Back.wav using Guid(4393389c4e9969940bfda2dc7f786204) Importer(815301076,1909f56bfc062723c751e8b465ee728b)  -> (artifact id: '8b414094d8e6233bdb5f476fafa08402') in 0.013111 seconds 
========================================================================
Received Import Request.
  Time since last request: 0.000142 seconds.
  path: Assets/Oculus/Interaction/Samples/Audio/Content/Interaction_ComplexGrab_BoxOpen_03.wav
  artifactKey: Guid(2a3a28423ef0779459533afedeee12cf) Importer(815301076,1909f56bfc062723c751e8b465ee728b)
Start importing Assets/Oculus/Interaction/Samples/Audio/Content/Interaction_ComplexGrab_BoxOpen_03.wav using Guid(2a3a28423ef0779459533afedeee12cf) Importer(815301076,1909f56bfc062723c751e8b465ee728b)  -> (artifact id: '2b3db189174b5d694688678ca3717e9f') in 0.012538 seconds 
========================================================================
Received Import Request.
  Time since last request: 0.000216 seconds.
  path: Assets/Oculus/Spatializer/scenes/sounds/360 Workstation Ambisonic Panning AmbiX.wav
  artifactKey: Guid(1340d7fb0cd1bfb4caa3b3270cb2ea5f) Importer(815301076,1909f56bfc062723c751e8b465ee728b)
Start importing Assets/Oculus/Spatializer/scenes/sounds/360 Workstation Ambisonic Panning AmbiX.wav using Guid(1340d7fb0cd1bfb4caa3b3270cb2ea5f) Importer(815301076,1909f56bfc062723c751e8b465ee728b)  -> (artifact id: '76508b3b5a1e5094c1e2908db4aa7e77') in 0.019080 seconds 
========================================================================
Received Import Request.
  Time since last request: 0.000151 seconds.
  path: Assets/Oculus/Interaction/Samples/Audio/Content/Interaction_BasicRay_Press.wav
  artifactKey: Guid(0ae074243bcbf57468d433ad4f78acbb) Importer(815301076,1909f56bfc062723c751e8b465ee728b)
Start importing Assets/Oculus/Interaction/Samples/Audio/Content/Interaction_BasicRay_Press.wav using Guid(0ae074243bcbf57468d433ad4f78acbb) Importer(815301076,1909f56bfc062723c751e8b465ee728b)  -> (artifact id: '408df9de80e06820ffc850aa3c8506cc') in 0.011593 seconds 
========================================================================
Received Import Request.
  Time since last request: 0.000168 seconds.
  path: Assets/Oculus/Interaction/Samples/Objects/Props/BigRedButton/Sounds/ButtonHit.ogg
  artifactKey: Guid(e98bc45c5ab32d94f9fcea3ab3f0b38c) Importer(815301076,1909f56bfc062723c751e8b465ee728b)
Start importing Assets/Oculus/Interaction/Samples/Objects/Props/BigRedButton/Sounds/ButtonHit.ogg using Guid(e98bc45c5ab32d94f9fcea3ab3f0b38c) Importer(815301076,1909f56bfc062723c751e8b465ee728b)  -> (artifact id: '0d3a97a2222e7fa39e18061b2819ef07') in 0.019303 seconds 
========================================================================
Received Import Request.
  Time since last request: 0.000256 seconds.
  path: Assets/Sounds/Baxter/BaxterSneaking.wav
  artifactKey: Guid(784f3a0c088d23342adb49244aa52b0b) Importer(815301076,1909f56bfc062723c751e8b465ee728b)
Start importing Assets/Sounds/Baxter/BaxterSneaking.wav using Guid(784f3a0c088d23342adb49244aa52b0b) Importer(815301076,1909f56bfc062723c751e8b465ee728b)  -> (artifact id: '666a4e6a9ebcef4696162d15ea1eaf8e') in 0.013107 seconds 
========================================================================
Received Import Request.
  Time since last request: 0.000139 seconds.
  path: Assets/Oculus/Interaction/Samples/Audio/Content/Interaction_CameraTool_Shutter_01.wav
  artifactKey: Guid(d009b2948655d054d8f4b6c17607d08b) Importer(815301076,1909f56bfc062723c751e8b465ee728b)
Start importing Assets/Oculus/Interaction/Samples/Audio/Content/Interaction_CameraTool_Shutter_01.wav using Guid(d009b2948655d054d8f4b6c17607d08b) Importer(815301076,1909f56bfc062723c751e8b465ee728b)  -> (artifact id: '112113868ad5140c9fb7051d0bba576e') in 0.020562 seconds 
========================================================================
Received Import Request.
  Time since last request: 0.000189 seconds.
  path: Assets/Sounds/Monster footsteps sound effectProFX (Sound, Sound Effects, Free Sound Effects).wav
  artifactKey: Guid(fda4c8dc62d2b68409823efd73a06059) Importer(815301076,1909f56bfc062723c751e8b465ee728b)
Start importing Assets/Sounds/Monster footsteps sound effectProFX (Sound, Sound Effects, Free Sound Effects).wav using Guid(fda4c8dc62d2b68409823efd73a06059) Importer(815301076,1909f56bfc062723c751e8b465ee728b)  -> (artifact id: 'f7da9e69a855f162aa314efd51423256') in 0.012972 seconds 
========================================================================
Received Import Request.
  Time since last request: 0.000202 seconds.
  path: Assets/Oculus/Interaction/Samples/Audio/Content/Interaction_Object_Impact_03.wav
  artifactKey: Guid(7f1459cc291cebf46b6a654b2530e93f) Importer(815301076,1909f56bfc062723c751e8b465ee728b)
Start importing Assets/Oculus/Interaction/Samples/Audio/Content/Interaction_Object_Impact_03.wav using Guid(7f1459cc291cebf46b6a654b2530e93f) Importer(815301076,1909f56bfc062723c751e8b465ee728b)  -> (artifact id: '41a7b3212ae96f3c43fc06595e1ec8f3') in 0.013691 seconds 
========================================================================
Received Import Request.
  Time since last request: 0.000168 seconds.
  path: Assets/Oculus/Interaction/Samples/Audio/Content/Interaction_BasicRay_Release.wav
  artifactKey: Guid(2786b7a027507264ebaad5d1bf1cd1dd) Importer(815301076,1909f56bfc062723c751e8b465ee728b)
Start importing Assets/Oculus/Interaction/Samples/Audio/Content/Interaction_BasicRay_Release.wav using Guid(2786b7a027507264ebaad5d1bf1cd1dd) Importer(815301076,1909f56bfc062723c751e8b465ee728b)  -> (artifact id: '27e60237ae03ee1ec3e8a3b0c22d43ce') in 0.012568 seconds 
========================================================================
Received Import Request.
  Time since last request: 0.000208 seconds.
  path: Assets/Oculus/Interaction/Samples/Audio/Content/Interaction_BasicPoke_ToyButton_Press_01.wav
  artifactKey: Guid(9c7f85ce3536b3b4c89aa4bd0db96665) Importer(815301076,1909f56bfc062723c751e8b465ee728b)
Start importing Assets/Oculus/Interaction/Samples/Audio/Content/Interaction_BasicPoke_ToyButton_Press_01.wav using Guid(9c7f85ce3536b3b4c89aa4bd0db96665) Importer(815301076,1909f56bfc062723c751e8b465ee728b)  -> (artifact id: 'b59b39d538274912f696f246f797d5cb') in 0.012435 seconds 
========================================================================
Received Import Request.
  Time since last request: 0.000111 seconds.
  path: Assets/Oculus/Spatializer/scenes/sounds/horse.ogg
  artifactKey: Guid(494bd1721199a40c5a79fa3011793556) Importer(815301076,1909f56bfc062723c751e8b465ee728b)
Start importing Assets/Oculus/Spatializer/scenes/sounds/horse.ogg using Guid(494bd1721199a40c5a79fa3011793556) Importer(815301076,1909f56bfc062723c751e8b465ee728b)  -> (artifact id: '997fef8258f5435e06140002ad31b156') in 0.019751 seconds 
========================================================================
Received Import Request.
  Time since last request: 0.000209 seconds.
  path: Assets/Oculus/Interaction/Samples/Audio/Content/Interaction_Object_Impact_07.wav
  artifactKey: Guid(7c0de7743a99e16458d6b4b9d5bf49a2) Importer(815301076,1909f56bfc062723c751e8b465ee728b)
Start importing Assets/Oculus/Interaction/Samples/Audio/Content/Interaction_Object_Impact_07.wav using Guid(7c0de7743a99e16458d6b4b9d5bf49a2) Importer(815301076,1909f56bfc062723c751e8b465ee728b)  -> (artifact id: '30e5f8241321fb4ad24c28422d9f53ba') in 0.012179 seconds 
========================================================================
Received Import Request.
  Time since last request: 0.000223 seconds.
  path: Assets/Oculus/Interaction/Samples/Audio/Content/Interaction_Object_Impact_09.wav
  artifactKey: Guid(52648979e5d298240a12915b9ed6c503) Importer(815301076,1909f56bfc062723c751e8b465ee728b)
Start importing Assets/Oculus/Interaction/Samples/Audio/Content/Interaction_Object_Impact_09.wav using Guid(52648979e5d298240a12915b9ed6c503) Importer(815301076,1909f56bfc062723c751e8b465ee728b)  -> (artifact id: '502ebcdb63666caa5b6c8e719e5173f0') in 0.012295 seconds 
========================================================================
Received Import Request.
  Time since last request: 0.000178 seconds.
  path: Assets/Oculus/Interaction/Samples/Audio/Content/Interaction_BasicPoke_Keypad_01.wav
  artifactKey: Guid(b684caa52b59fdf4a8b0b0436f92268a) Importer(815301076,1909f56bfc062723c751e8b465ee728b)
Start importing Assets/Oculus/Interaction/Samples/Audio/Content/Interaction_BasicPoke_Keypad_01.wav using Guid(b684caa52b59fdf4a8b0b0436f92268a) Importer(815301076,1909f56bfc062723c751e8b465ee728b)  -> (artifact id: '3423050d0dc2904302c0840a275f85bc') in 0.012671 seconds 
========================================================================
Received Import Request.
  Time since last request: 0.000182 seconds.
  path: Assets/Oculus/Interaction/Samples/Audio/Content/Interaction_ComplexGrab_BoxClose_02.wav
  artifactKey: Guid(87ea10243c060994e963520e19099c35) Importer(815301076,1909f56bfc062723c751e8b465ee728b)
Start importing Assets/Oculus/Interaction/Samples/Audio/Content/Interaction_ComplexGrab_BoxClose_02.wav using Guid(87ea10243c060994e963520e19099c35) Importer(815301076,1909f56bfc062723c751e8b465ee728b)  -> (artifact id: 'cd08eb0ab179dc039a86e923106cebf5') in 0.012734 seconds 
========================================================================
Received Import Request.
  Time since last request: 0.000241 seconds.
  path: Assets/Oculus/Interaction/Samples/Audio/Content/Interaction_BasicPoke_ToyButton_Release_01.wav
  artifactKey: Guid(1cb50a7de0f9f954b8b0c331fe898a8f) Importer(815301076,1909f56bfc062723c751e8b465ee728b)
Start importing Assets/Oculus/Interaction/Samples/Audio/Content/Interaction_BasicPoke_ToyButton_Release_01.wav using Guid(1cb50a7de0f9f954b8b0c331fe898a8f) Importer(815301076,1909f56bfc062723c751e8b465ee728b)  -> (artifact id: 'a7671e60eee311a0b60d370780172985') in 0.012481 seconds 
========================================================================
Received Import Request.
  Time since last request: 0.000224 seconds.
  path: Assets/Oculus/Interaction/Samples/Audio/Content/Interaction_BodyCaptureTimerTick.wav
  artifactKey: Guid(e93d0738f53d9744896acc621a330ff7) Importer(815301076,1909f56bfc062723c751e8b465ee728b)
Start importing Assets/Oculus/Interaction/Samples/Audio/Content/Interaction_BodyCaptureTimerTick.wav using Guid(e93d0738f53d9744896acc621a330ff7) Importer(815301076,1909f56bfc062723c751e8b465ee728b)  -> (artifact id: 'f2c47981ea9a646c2980fe66f9912272') in 0.012452 seconds 
========================================================================
Received Import Request.
  Time since last request: 0.000180 seconds.
  path: Assets/Oculus/Interaction/Samples/Audio/Content/Interaction_Object_Impact_02.wav
  artifactKey: Guid(2cb38d6272069334da3b06fb6d75c673) Importer(815301076,1909f56bfc062723c751e8b465ee728b)
Start importing Assets/Oculus/Interaction/Samples/Audio/Content/Interaction_Object_Impact_02.wav using Guid(2cb38d6272069334da3b06fb6d75c673) Importer(815301076,1909f56bfc062723c751e8b465ee728b)  -> (artifact id: 'ffd2bce8bab06845bde7664a870670a5') in 0.013081 seconds 
========================================================================
Received Import Request.
  Time since last request: 0.000188 seconds.
  path: Assets/Oculus/Interaction/Samples/Audio/Content/Interaction_Object_Impact_10.wav
  artifactKey: Guid(f454930b04fc250499041f61ada9e39f) Importer(815301076,1909f56bfc062723c751e8b465ee728b)
Start importing Assets/Oculus/Interaction/Samples/Audio/Content/Interaction_Object_Impact_10.wav using Guid(f454930b04fc250499041f61ada9e39f) Importer(815301076,1909f56bfc062723c751e8b465ee728b)  -> (artifact id: '61967abf7d21f87809993165c4bf9770') in 0.013107 seconds 
========================================================================
Received Import Request.
  Time since last request: 0.000252 seconds.
  path: Assets/Oculus/Interaction/Samples/Audio/Content/Interaction_Locomotion_SnapTurn.wav
  artifactKey: Guid(73b1216fbe8e8c7408f4269715da6d86) Importer(815301076,1909f56bfc062723c751e8b465ee728b)
Start importing Assets/Oculus/Interaction/Samples/Audio/Content/Interaction_Locomotion_SnapTurn.wav using Guid(73b1216fbe8e8c7408f4269715da6d86) Importer(815301076,1909f56bfc062723c751e8b465ee728b)  -> (artifact id: '36ad9a9422d92fb63f55f61b067e99b8') in 0.019361 seconds 
========================================================================
Received Import Request.
  Time since last request: 0.000203 seconds.
  path: Assets/Oculus/Interaction/Samples/Audio/Content/Interaction_BasicPoke_Keypad_08.wav
  artifactKey: Guid(3c7d77ef6bc7ea342982df2dd40208a9) Importer(815301076,1909f56bfc062723c751e8b465ee728b)
Start importing Assets/Oculus/Interaction/Samples/Audio/Content/Interaction_BasicPoke_Keypad_08.wav using Guid(3c7d77ef6bc7ea342982df2dd40208a9) Importer(815301076,1909f56bfc062723c751e8b465ee728b)  -> (artifact id: '09d053c3917a70f04a3dee440495d7f0') in 0.014786 seconds 
========================================================================
Received Import Request.
  Time since last request: 0.000188 seconds.
  path: Assets/Oculus/Interaction/Samples/Audio/Content/Interaction_BasicGrab_Release_05.wav
  artifactKey: Guid(c50c15daa22b036448a23aa43ec3381e) Importer(815301076,1909f56bfc062723c751e8b465ee728b)
Start importing Assets/Oculus/Interaction/Samples/Audio/Content/Interaction_BasicGrab_Release_05.wav using Guid(c50c15daa22b036448a23aa43ec3381e) Importer(815301076,1909f56bfc062723c751e8b465ee728b)  -> (artifact id: '7c663923c94c1145f163c7982784c03e') in 0.012083 seconds 
========================================================================
Received Import Request.
  Time since last request: 0.000197 seconds.
  path: Assets/Sounds/Baxter/BaxterWalking.wav
  artifactKey: Guid(d25c03f8a3a05f54b869e58bb28e26d6) Importer(815301076,1909f56bfc062723c751e8b465ee728b)
Start importing Assets/Sounds/Baxter/BaxterWalking.wav using Guid(d25c03f8a3a05f54b869e58bb28e26d6) Importer(815301076,1909f56bfc062723c751e8b465ee728b)  -> (artifact id: 'b32336fbabd4c7ad1b0bb851daad987e') in 0.012939 seconds 
========================================================================
Received Import Request.
  Time since last request: 0.000113 seconds.
  path: Assets/Sounds/Baxter/BaxterSnarling.wav
  artifactKey: Guid(eb8ac24ed8c883a4db8194341905bbbf) Importer(815301076,1909f56bfc062723c751e8b465ee728b)
Start importing Assets/Sounds/Baxter/BaxterSnarling.wav using Guid(eb8ac24ed8c883a4db8194341905bbbf) Importer(815301076,1909f56bfc062723c751e8b465ee728b)  -> (artifact id: 'ddf18a0fabaca7ed9497287a629ff978') in 0.014260 seconds 
========================================================================
Received Import Request.
  Time since last request: 0.000200 seconds.
  path: Assets/Sounds/Baxter/BaxterNothing.wav
  artifactKey: Guid(8c676f64c5ceae34c8c7c23db8a181d4) Importer(815301076,1909f56bfc062723c751e8b465ee728b)
Start importing Assets/Sounds/Baxter/BaxterNothing.wav using Guid(8c676f64c5ceae34c8c7c23db8a181d4) Importer(815301076,1909f56bfc062723c751e8b465ee728b)  -> (artifact id: 'f7587f04251e46f2d2e92faf67b0cf64') in 0.011991 seconds 
========================================================================
Received Import Request.
  Time since last request: 0.000121 seconds.
  path: Assets/Oculus/Interaction/Samples/Audio/Content/Interaction_BasicPoke_Keypad_02.wav
  artifactKey: Guid(9e6b15717caa4bd4c89c44dc2ae6108c) Importer(815301076,1909f56bfc062723c751e8b465ee728b)
Start importing Assets/Oculus/Interaction/Samples/Audio/Content/Interaction_BasicPoke_Keypad_02.wav using Guid(9e6b15717caa4bd4c89c44dc2ae6108c) Importer(815301076,1909f56bfc062723c751e8b465ee728b)  -> (artifact id: '81bf7e7d9f84c8be71998c10b9bebb4e') in 0.013761 seconds 
========================================================================
Received Import Request.
  Time since last request: 0.000155 seconds.
  path: Assets/Oculus/Interaction/Samples/Audio/Content/Interaction_BasicPoke_Keypad_03.wav
  artifactKey: Guid(94b72b7e55617a048a8468e9ac572290) Importer(815301076,1909f56bfc062723c751e8b465ee728b)
Start importing Assets/Oculus/Interaction/Samples/Audio/Content/Interaction_BasicPoke_Keypad_03.wav using Guid(94b72b7e55617a048a8468e9ac572290) Importer(815301076,1909f56bfc062723c751e8b465ee728b)  -> (artifact id: 'd16477c8e6dac0cd071825327712efde') in 0.012768 seconds 
========================================================================
Received Import Request.
  Time since last request: 0.000163 seconds.
  path: Assets/Oculus/Interaction/Samples/Audio/Content/Interaction_ComplexGrab_BoxClose_01.wav
  artifactKey: Guid(25a99cec3fc16184490a8fbfe21d1528) Importer(815301076,1909f56bfc062723c751e8b465ee728b)
Start importing Assets/Oculus/Interaction/Samples/Audio/Content/Interaction_ComplexGrab_BoxClose_01.wav using Guid(25a99cec3fc16184490a8fbfe21d1528) Importer(815301076,1909f56bfc062723c751e8b465ee728b)  -> (artifact id: '77de5d816709460ff1555c2bb876cfd6') in 0.015535 seconds 
========================================================================
Received Import Request.
  Time since last request: 0.000118 seconds.
  path: Assets/Oculus/Interaction/Samples/Audio/Content/Interaction_ComplexGrab_BoxOpen_01.wav
  artifactKey: Guid(016209c384f7c0748b3cc19f7b2ded43) Importer(815301076,1909f56bfc062723c751e8b465ee728b)
Start importing Assets/Oculus/Interaction/Samples/Audio/Content/Interaction_ComplexGrab_BoxOpen_01.wav using Guid(016209c384f7c0748b3cc19f7b2ded43) Importer(815301076,1909f56bfc062723c751e8b465ee728b)  -> (artifact id: '88735e4ad804dafe2d730140fc1533b6') in 0.011493 seconds 
========================================================================
Received Import Request.
  Time since last request: 0.000218 seconds.
  path: Assets/Oculus/Interaction/Samples/Audio/Content/Interaction_Locomotion_Teleport.wav
  artifactKey: Guid(d3735878005c4af448c2abff3edc88c0) Importer(815301076,1909f56bfc062723c751e8b465ee728b)
Start importing Assets/Oculus/Interaction/Samples/Audio/Content/Interaction_Locomotion_Teleport.wav using Guid(d3735878005c4af448c2abff3edc88c0) Importer(815301076,1909f56bfc062723c751e8b465ee728b)  -> (artifact id: '160d804bb6342189b5340441bbc72eb1') in 0.019225 seconds 
========================================================================
Received Import Request.
  Time since last request: 0.000251 seconds.
  path: Assets/Sounds/Dog Footsteps Walking on Grass Sound Effect.wav
  artifactKey: Guid(4ed31e929987bd64d8d2b9d2225f1822) Importer(815301076,1909f56bfc062723c751e8b465ee728b)
Start importing Assets/Sounds/Dog Footsteps Walking on Grass Sound Effect.wav using Guid(4ed31e929987bd64d8d2b9d2225f1822) Importer(815301076,1909f56bfc062723c751e8b465ee728b)  -> (artifact id: '37f3b9158ebc7320cb84771e9585ac16') in 0.014483 seconds 
========================================================================
Received Import Request.
  Time since last request: 0.000210 seconds.
  path: Assets/Oculus/Interaction/Samples/Audio/Content/Interaction_Object_Impact_04.wav
  artifactKey: Guid(41204675ff2e12043b892e8f671541eb) Importer(815301076,1909f56bfc062723c751e8b465ee728b)
Start importing Assets/Oculus/Interaction/Samples/Audio/Content/Interaction_Object_Impact_04.wav using Guid(41204675ff2e12043b892e8f671541eb) Importer(815301076,1909f56bfc062723c751e8b465ee728b)  -> (artifact id: 'e24edba763d94beb4898164f81577690') in 0.013022 seconds 
========================================================================
Received Import Request.
  Time since last request: 0.000169 seconds.
  path: Assets/Oculus/Interaction/Samples/Audio/Content/Interaction_ComplexGrab_BoxOpen_02.wav
  artifactKey: Guid(7af8171318058a144bc1208ad2f60abe) Importer(815301076,1909f56bfc062723c751e8b465ee728b)
Start importing Assets/Oculus/Interaction/Samples/Audio/Content/Interaction_ComplexGrab_BoxOpen_02.wav using Guid(7af8171318058a144bc1208ad2f60abe) Importer(815301076,1909f56bfc062723c751e8b465ee728b)  -> (artifact id: '4831da917099cc8fe8723a32beae1fd1') in 0.012432 seconds 
========================================================================
Received Import Request.
  Time since last request: 0.000192 seconds.
  path: Assets/Oculus/Interaction/Samples/Audio/Content/Interaction_BasicGrab_Grab_03.wav
  artifactKey: Guid(5d75990ed604109429ae282bde2c21f0) Importer(815301076,1909f56bfc062723c751e8b465ee728b)
Start importing Assets/Oculus/Interaction/Samples/Audio/Content/Interaction_BasicGrab_Grab_03.wav using Guid(5d75990ed604109429ae282bde2c21f0) Importer(815301076,1909f56bfc062723c751e8b465ee728b)  -> (artifact id: '26745845aa94eb607c185b38573c7bd8') in 0.013273 seconds 
========================================================================
Received Import Request.
  Time since last request: 0.000129 seconds.
  path: Assets/Oculus/Interaction/Samples/Audio/Content/Interaction_BasicGrab_Grab_05.wav
  artifactKey: Guid(5e44ad0f498709b458e0b33478e5c161) Importer(815301076,1909f56bfc062723c751e8b465ee728b)
Start importing Assets/Oculus/Interaction/Samples/Audio/Content/Interaction_BasicGrab_Grab_05.wav using Guid(5e44ad0f498709b458e0b33478e5c161) Importer(815301076,1909f56bfc062723c751e8b465ee728b)  -> (artifact id: '9c938f64e03a715fae9ad58e4833a031') in 0.012475 seconds 
========================================================================
Received Import Request.
  Time since last request: 0.000121 seconds.
  path: Assets/Oculus/Interaction/Samples/Audio/Content/Interaction_BasicGrab_Release_03.wav
  artifactKey: Guid(699db85e81c57234f80d2c1d665c0a96) Importer(815301076,1909f56bfc062723c751e8b465ee728b)
Start importing Assets/Oculus/Interaction/Samples/Audio/Content/Interaction_BasicGrab_Release_03.wav using Guid(699db85e81c57234f80d2c1d665c0a96) Importer(815301076,1909f56bfc062723c751e8b465ee728b)  -> (artifact id: '93f7bb12166eeb74ad2cf738bac1e064') in 0.013143 seconds 
========================================================================
Received Import Request.
  Time since last request: 0.000225 seconds.
  path: Assets/Oculus/Interaction/Samples/Audio/Content/Interaction_BasicPoke_ButtonPress.wav
  artifactKey: Guid(56fe077fa3d84f24c951589f5d187be2) Importer(815301076,1909f56bfc062723c751e8b465ee728b)
Start importing Assets/Oculus/Interaction/Samples/Audio/Content/Interaction_BasicPoke_ButtonPress.wav using Guid(56fe077fa3d84f24c951589f5d187be2) Importer(815301076,1909f56bfc062723c751e8b465ee728b)  -> (artifact id: '9fd3d15039e907260a5af7fbe2eafbf2') in 0.012972 seconds 
========================================================================
Received Import Request.
  Time since last request: 0.000187 seconds.
  path: Assets/Oculus/Interaction/Samples/Audio/Content/Interaction_BasicPoke_ToyButton_Press_03.wav
  artifactKey: Guid(354b04977aec15c42819ef6947075146) Importer(815301076,1909f56bfc062723c751e8b465ee728b)
Start importing Assets/Oculus/Interaction/Samples/Audio/Content/Interaction_BasicPoke_ToyButton_Press_03.wav using Guid(354b04977aec15c42819ef6947075146) Importer(815301076,1909f56bfc062723c751e8b465ee728b)  -> (artifact id: '4427f5adce99194a240319d38491f236') in 0.013364 seconds 
========================================================================
Received Import Request.
  Time since last request: 0.000211 seconds.
  path: Assets/Oculus/Interaction/Samples/Audio/Content/Interaction_Object_Impact_08.wav
  artifactKey: Guid(b52bcbc955bfb7b4b866604115d42e9c) Importer(815301076,1909f56bfc062723c751e8b465ee728b)
Start importing Assets/Oculus/Interaction/Samples/Audio/Content/Interaction_Object_Impact_08.wav using Guid(b52bcbc955bfb7b4b866604115d42e9c) Importer(815301076,1909f56bfc062723c751e8b465ee728b)  -> (artifact id: '93fe1448cd67ae2217813960e8619040') in 0.012974 seconds 
========================================================================
Received Import Request.
  Time since last request: 0.000161 seconds.
  path: Assets/Sounds/Baxter/BaxterRunning.wav
  artifactKey: Guid(ea396462ce5fa204ba2713692eb389b0) Importer(815301076,1909f56bfc062723c751e8b465ee728b)
Start importing Assets/Sounds/Baxter/BaxterRunning.wav using Guid(ea396462ce5fa204ba2713692eb389b0) Importer(815301076,1909f56bfc062723c751e8b465ee728b)  -> (artifact id: 'ed1d725600ea815503f0f3bf72c04b97') in 0.014091 seconds 
========================================================================
Received Import Request.
  Time since last request: 0.000173 seconds.
  path: Assets/Sounds/Walking on GrassFootsteps on Tall GrassSound Effects.wav
  artifactKey: Guid(f94e1a4dd92b40741a749e0d75c89465) Importer(815301076,1909f56bfc062723c751e8b465ee728b)
Start importing Assets/Sounds/Walking on GrassFootsteps on Tall GrassSound Effects.wav using Guid(f94e1a4dd92b40741a749e0d75c89465) Importer(815301076,1909f56bfc062723c751e8b465ee728b)  -> (artifact id: '51f15c883844b13f599dec1ba4cedf4f') in 0.013917 seconds 
========================================================================
Received Import Request.
  Time since last request: 0.000164 seconds.
  path: Assets/Oculus/Voice/Samples/TTSVoices/Audio/AsyncComplete.wav
  artifactKey: Guid(08c3f8e8283d6b94880e22280a446d1b) Importer(815301076,1909f56bfc062723c751e8b465ee728b)
Start importing Assets/Oculus/Voice/Samples/TTSVoices/Audio/AsyncComplete.wav using Guid(08c3f8e8283d6b94880e22280a446d1b) Importer(815301076,1909f56bfc062723c751e8b465ee728b)  -> (artifact id: '7250cdff75df02cdc611a9e62747df2f') in 0.014108 seconds 
========================================================================
Received Import Request.
  Time since last request: 0.000178 seconds.
  path: Assets/Oculus/Interaction/Samples/Audio/Content/Interaction_BasicPoke_Keypad_06.wav
  artifactKey: Guid(9ef66d69357ce984099c0573a74b624d) Importer(815301076,1909f56bfc062723c751e8b465ee728b)
Start importing Assets/Oculus/Interaction/Samples/Audio/Content/Interaction_BasicPoke_Keypad_06.wav using Guid(9ef66d69357ce984099c0573a74b624d) Importer(815301076,1909f56bfc062723c751e8b465ee728b)  -> (artifact id: '6d12672daf0c95e7a5a37a02e0d4911e') in 0.012715 seconds 
========================================================================
Received Import Request.
  Time since last request: 0.000125 seconds.
  path: Assets/Oculus/Interaction/Samples/Audio/Content/Interaction_Locomotion_ChangeDirection.wav
  artifactKey: Guid(ef37598b3ebcae346825ac59d4c29671) Importer(815301076,1909f56bfc062723c751e8b465ee728b)
Start importing Assets/Oculus/Interaction/Samples/Audio/Content/Interaction_Locomotion_ChangeDirection.wav using Guid(ef37598b3ebcae346825ac59d4c29671) Importer(815301076,1909f56bfc062723c751e8b465ee728b)  -> (artifact id: 'f09114b9984efd544b5bf1022dc37c6d') in 0.022440 seconds 
========================================================================
Received Import Request.
  Time since last request: 0.000173 seconds.
  path: Assets/Sounds/Baxter/Big Tired Dog Panting Sound Effect.wav
  artifactKey: Guid(369db254677cd4c4f885d351fe5a69be) Importer(815301076,1909f56bfc062723c751e8b465ee728b)
Start importing Assets/Sounds/Baxter/Big Tired Dog Panting Sound Effect.wav using Guid(369db254677cd4c4f885d351fe5a69be) Importer(815301076,1909f56bfc062723c751e8b465ee728b)  -> (artifact id: '53aacacfd2fb8c4ef43784fca7834906') in 0.013308 seconds 
========================================================================
Received Import Request.
  Time since last request: 0.000143 seconds.
  path: Assets/Oculus/SampleFramework/Core/HandsInteraction/Audio/ButtonUp.wav
  artifactKey: Guid(523f822c1c7b699489c49fea2353c2de) Importer(815301076,1909f56bfc062723c751e8b465ee728b)
Start importing Assets/Oculus/SampleFramework/Core/HandsInteraction/Audio/ButtonUp.wav using Guid(523f822c1c7b699489c49fea2353c2de) Importer(815301076,1909f56bfc062723c751e8b465ee728b)  -> (artifact id: 'ee32ddbd99c5e10b84f06622ca61c78a') in 0.012868 seconds 
========================================================================
Received Import Request.
  Time since last request: 0.000178 seconds.
  path: Assets/Oculus/Interaction/Samples/Audio/Content/Interaction_BasicGrab_Grab_02.wav
  artifactKey: Guid(cbaf8af418050074d94500378f012f45) Importer(815301076,1909f56bfc062723c751e8b465ee728b)
Start importing Assets/Oculus/Interaction/Samples/Audio/Content/Interaction_BasicGrab_Grab_02.wav using Guid(cbaf8af418050074d94500378f012f45) Importer(815301076,1909f56bfc062723c751e8b465ee728b)  -> (artifact id: 'e10173403d341d52c5eaff60dde0b577') in 0.013466 seconds 
========================================================================
Received Import Request.
  Time since last request: 0.000165 seconds.
  path: Assets/Oculus/Interaction/Samples/Audio/Content/Interaction_BasicGestures_SwipeForward_01.wav
  artifactKey: Guid(152aafa4bc75a894f80f0da543555c4b) Importer(815301076,1909f56bfc062723c751e8b465ee728b)
Start importing Assets/Oculus/Interaction/Samples/Audio/Content/Interaction_BasicGestures_SwipeForward_01.wav using Guid(152aafa4bc75a894f80f0da543555c4b) Importer(815301076,1909f56bfc062723c751e8b465ee728b)  -> (artifact id: '92fe00bfc491426a6ef46e7f920cefef') in 0.013128 seconds 
========================================================================
Received Import Request.
  Time since last request: 0.000137 seconds.
  path: Assets/Oculus/Interaction/Samples/Audio/Content/Interaction_BasicPoke_Keypad_07.wav
  artifactKey: Guid(ba53110248aaf894aa2310ce615e6eac) Importer(815301076,1909f56bfc062723c751e8b465ee728b)
Start importing Assets/Oculus/Interaction/Samples/Audio/Content/Interaction_BasicPoke_Keypad_07.wav using Guid(ba53110248aaf894aa2310ce615e6eac) Importer(815301076,1909f56bfc062723c751e8b465ee728b)  -> (artifact id: '691759c08e5e7a26dd1a619bf75d4b32') in 0.013431 seconds 
========================================================================
Received Prepare
Registering precompiled user dll's ...
Registered in 0.002538 seconds.
Begin MonoManager ReloadAssembly
Native extension for WindowsStandalone target not found
Refreshing native plugins compatible for Editor in 0.86 ms, found 8 plugins.
Preloading 2 native plugins for Editor in 0.07 ms.
Mono: successfully reloaded assembly
- Completed reload, in  0.686 seconds
Domain Reload Profiling:
	ReloadAssembly (686ms)
		BeginReloadAssembly (72ms)
			ExecutionOrderSort (0ms)
			DisableScriptedObjects (2ms)
			BackupInstance (0ms)
			ReleaseScriptingObjects (0ms)
			CreateAndSetChildDomain (21ms)
		EndReloadAssembly (582ms)
			LoadAssemblies (60ms)
			RebuildTransferFunctionScriptingTraits (0ms)
			SetupTypeCache (178ms)
			ReleaseScriptCaches (1ms)
			RebuildScriptCaches (23ms)
			SetupLoadedEditorAssemblies (276ms)
				LogAssemblyErrors (0ms)
				InitializePlatformSupportModulesInManaged (2ms)
				SetLoadedEditorAssemblies (0ms)
				RefreshPlugins (1ms)
				BeforeProcessingInitializeOnLoad (49ms)
				ProcessInitializeOnLoadAttributes (215ms)
				ProcessInitializeOnLoadMethodAttributes (6ms)
				AfterProcessingInitializeOnLoad (3ms)
				EditorAssembliesLoaded (0ms)
			ExecutionOrderSort2 (0ms)
			AwakeInstancesAfterBackupRestoration (1ms)
Platform modules already initialized, skipping
Shader 'Oculus/OVRMRCameraFrameLit': fallback shader 'Alpha-Diffuse' not found
Refreshing native plugins compatible for Editor in 0.79 ms, found 8 plugins.
Preloading 2 native plugins for Editor in 0.08 ms.
Unloading 3506 Unused Serialized files (Serialized files now loaded: 0)
System memory in use before: 146.6 MB.
System memory in use after: 146.8 MB.

Unloading 44 unused Assets to reduce memory usage. Loaded Objects now: 4070.
Total: 2.705200 ms (FindLiveObjects: 0.158400 ms CreateObjectMapping: 0.047200 ms MarkObjects: 2.421100 ms  DeleteObjects: 0.077600 ms)

AssetImportParameters requested are different than current active one (requested -> active):
  custom:framework-win-MediaFoundation: 216162199b28c13a410421893ffa2e32 -> 
  custom:video-decoder-ogg-theora: a1e56fd34408186e4bbccfd4996cb3dc -> 
  custom:container-muxer-webm: aa71ff27fc2769a1b78a27578f13a17b -> 
  custom:container-demuxer-webm: 4f35f7cbe854078d1ac9338744f61a02 -> 
  custom:container-demuxer-ogg: 62fdf1f143b41e24485cea50d1cbac27 -> 
  custom:video-encoder-webm-vp8: eb34c28f22e8b96e1ab97ce403110664 -> 
  custom:video-codec-MediaFoundation-h265: 746d11721c4dcdbdad8f713fa42b33f4 -> 
  custom:video-decoder-webm-vp8: 9c59270c3fd7afecdb556c50c9e8de78 -> 
  custom:audio-decoder-ogg-vorbis: bf7c407c2cedff20999df2af8eb42d56 -> 
  custom:audio-encoder-webm-vorbis: bf7c407c2cedff20999df2af8eb42d56 -> 
========================================================================
Received Prepare
Registering precompiled user dll's ...
Registered in 0.003316 seconds.
Begin MonoManager ReloadAssembly
Native extension for WindowsStandalone target not found
Refreshing native plugins compatible for Editor in 0.79 ms, found 8 plugins.
Preloading 2 native plugins for Editor in 0.08 ms.
Mono: successfully reloaded assembly
- Completed reload, in  0.715 seconds
Domain Reload Profiling:
	ReloadAssembly (716ms)
		BeginReloadAssembly (75ms)
			ExecutionOrderSort (0ms)
			DisableScriptedObjects (2ms)
			BackupInstance (0ms)
			ReleaseScriptingObjects (0ms)
			CreateAndSetChildDomain (24ms)
		EndReloadAssembly (608ms)
			LoadAssemblies (61ms)
			RebuildTransferFunctionScriptingTraits (0ms)
			SetupTypeCache (172ms)
			ReleaseScriptCaches (1ms)
			RebuildScriptCaches (23ms)
			SetupLoadedEditorAssemblies (304ms)
				LogAssemblyErrors (0ms)
				InitializePlatformSupportModulesInManaged (2ms)
				SetLoadedEditorAssemblies (0ms)
				RefreshPlugins (1ms)
				BeforeProcessingInitializeOnLoad (53ms)
				ProcessInitializeOnLoadAttributes (238ms)
				ProcessInitializeOnLoadMethodAttributes (7ms)
				AfterProcessingInitializeOnLoad (3ms)
				EditorAssembliesLoaded (0ms)
			ExecutionOrderSort2 (0ms)
			AwakeInstancesAfterBackupRestoration (1ms)
Platform modules already initialized, skipping
Shader 'Oculus/OVRMRCameraFrameLit': fallback shader 'Alpha-Diffuse' not found
Refreshing native plugins compatible for Editor in 0.79 ms, found 8 plugins.
Preloading 2 native plugins for Editor in 0.11 ms.
Unloading 3506 Unused Serialized files (Serialized files now loaded: 0)
System memory in use before: 146.7 MB.
System memory in use after: 146.9 MB.

Unloading 44 unused Assets to reduce memory usage. Loaded Objects now: 4074.
Total: 2.413500 ms (FindLiveObjects: 0.130700 ms CreateObjectMapping: 0.041600 ms MarkObjects: 2.164700 ms  DeleteObjects: 0.075800 ms)

AssetImportParameters requested are different than current active one (requested -> active):
  custom:framework-win-MediaFoundation: 216162199b28c13a410421893ffa2e32 -> 
  custom:video-decoder-ogg-theora: a1e56fd34408186e4bbccfd4996cb3dc -> 
  custom:container-muxer-webm: aa71ff27fc2769a1b78a27578f13a17b -> 
  custom:container-demuxer-webm: 4f35f7cbe854078d1ac9338744f61a02 -> 
  custom:container-demuxer-ogg: 62fdf1f143b41e24485cea50d1cbac27 -> 
  custom:video-encoder-webm-vp8: eb34c28f22e8b96e1ab97ce403110664 -> 
  custom:video-codec-MediaFoundation-h265: 746d11721c4dcdbdad8f713fa42b33f4 -> 
  custom:video-decoder-webm-vp8: 9c59270c3fd7afecdb556c50c9e8de78 -> 
  custom:audio-decoder-ogg-vorbis: bf7c407c2cedff20999df2af8eb42d56 -> 
  custom:audio-encoder-webm-vorbis: bf7c407c2cedff20999df2af8eb42d56 -> 
========================================================================
Received Prepare
Registering precompiled user dll's ...
Registered in 0.002920 seconds.
Begin MonoManager ReloadAssembly
Native extension for WindowsStandalone target not found
Refreshing native plugins compatible for Editor in 0.80 ms, found 8 plugins.
Preloading 2 native plugins for Editor in 0.08 ms.
Mono: successfully reloaded assembly
- Completed reload, in  0.719 seconds
Domain Reload Profiling:
	ReloadAssembly (719ms)
		BeginReloadAssembly (75ms)
			ExecutionOrderSort (0ms)
			DisableScriptedObjects (2ms)
			BackupInstance (0ms)
			ReleaseScriptingObjects (0ms)
			CreateAndSetChildDomain (23ms)
		EndReloadAssembly (610ms)
			LoadAssemblies (63ms)
			RebuildTransferFunctionScriptingTraits (0ms)
			SetupTypeCache (173ms)
			ReleaseScriptCaches (1ms)
			RebuildScriptCaches (24ms)
			SetupLoadedEditorAssemblies (303ms)
				LogAssemblyErrors (0ms)
				InitializePlatformSupportModulesInManaged (2ms)
				SetLoadedEditorAssemblies (0ms)
				RefreshPlugins (1ms)
				BeforeProcessingInitializeOnLoad (56ms)
				ProcessInitializeOnLoadAttributes (235ms)
				ProcessInitializeOnLoadMethodAttributes (7ms)
				AfterProcessingInitializeOnLoad (2ms)
				EditorAssembliesLoaded (0ms)
			ExecutionOrderSort2 (0ms)
			AwakeInstancesAfterBackupRestoration (1ms)
Platform modules already initialized, skipping
Shader 'Oculus/OVRMRCameraFrameLit': fallback shader 'Alpha-Diffuse' not found
Refreshing native plugins compatible for Editor in 0.77 ms, found 8 plugins.
Preloading 2 native plugins for Editor in 0.06 ms.
Unloading 3506 Unused Serialized files (Serialized files now loaded: 0)
System memory in use before: 146.7 MB.
System memory in use after: 146.9 MB.

Unloading 44 unused Assets to reduce memory usage. Loaded Objects now: 4078.
Total: 2.440200 ms (FindLiveObjects: 0.134200 ms CreateObjectMapping: 0.044200 ms MarkObjects: 2.191000 ms  DeleteObjects: 0.069900 ms)

AssetImportParameters requested are different than current active one (requested -> active):
  custom:framework-win-MediaFoundation: 216162199b28c13a410421893ffa2e32 -> 
  custom:video-decoder-ogg-theora: a1e56fd34408186e4bbccfd4996cb3dc -> 
  custom:container-muxer-webm: aa71ff27fc2769a1b78a27578f13a17b -> 
  custom:container-demuxer-webm: 4f35f7cbe854078d1ac9338744f61a02 -> 
  custom:container-demuxer-ogg: 62fdf1f143b41e24485cea50d1cbac27 -> 
  custom:video-encoder-webm-vp8: eb34c28f22e8b96e1ab97ce403110664 -> 
  custom:video-codec-MediaFoundation-h265: 746d11721c4dcdbdad8f713fa42b33f4 -> 
  custom:video-decoder-webm-vp8: 9c59270c3fd7afecdb556c50c9e8de78 -> 
  custom:audio-decoder-ogg-vorbis: bf7c407c2cedff20999df2af8eb42d56 -> 
  custom:audio-encoder-webm-vorbis: bf7c407c2cedff20999df2af8eb42d56 -> 
AssetImportWorkerClient::OnTransportError - code=2 error=End of file
